2015-01-22 10:14:54 - MOD: Modification Default
FILE: system/engine/action.php
REGEX: ~(require|include)(_once)?\(([^)]+)~
LINE: 58
FILE: system/engine/loader.php
REGEX: ~(require|include)(_once)?\(([^)]+)~
LINE: 20
LINE: 37
LINE: 54
LINE: 65
FILE: system/library/config.php
REGEX: ~(require|include)(_once)?\(([^)]+)~
LINE: 23
FILE: system/library/language.php
REGEX: ~(require|include)(_once)?\(([^)]+)~
LINE: 21
LINE: 27
----------------------------------------------------------------
MOD: Local copy OCMOD by iSenseLabs
FILE: admin/controller/extension/installer.php
CODE: 'url'  => str_replace('&amp;', '&', $this->url->link('extension/installer/ftp', 'token=' . $this->session->data['token'], 'SSL')),
LINE: 132
CODE: public function unzip() {
LINE: 282
----------------------------------------------------------------
2015-01-22 10:15:40 - MOD: Modification Default
FILE: system/engine/action.php
REGEX: ~(require|include)(_once)?\(([^)]+)~
LINE: 58
FILE: system/engine/loader.php
REGEX: ~(require|include)(_once)?\(([^)]+)~
LINE: 20
LINE: 37
LINE: 54
LINE: 65
FILE: system/library/config.php
REGEX: ~(require|include)(_once)?\(([^)]+)~
LINE: 23
FILE: system/library/language.php
REGEX: ~(require|include)(_once)?\(([^)]+)~
LINE: 21
LINE: 27
----------------------------------------------------------------
MOD: Export/Import Tool for OpenCart 2.0.x
FILE: admin/controller/common/menu.php
CODE: $data['text_backup'] = $this->language->get('text_backup');
LINE: 9
CODE: $data['backup'] = $this->url->link('tool/backup', 'token=' . $this->session->data['token'], 'SSL');
LINE: 115
FILE: admin/language/english/common/menu.php
CODE: $_['text_backup']                      = 'Backup / Restore';
LINE: 6
FILE: admin/view/template/common/menu.tpl
CODE: <li><a href="<?php echo $backup; ?>"><?php echo $text_backup; ?></a></li>
LINE: 160
----------------------------------------------------------------
MOD: Local copy OCMOD by iSenseLabs
FILE: admin/controller/extension/installer.php
CODE: 'url'  => str_replace('&amp;', '&', $this->url->link('extension/installer/ftp', 'token=' . $this->session->data['token'], 'SSL')),
LINE: 132
CODE: public function unzip() {
LINE: 282
----------------------------------------------------------------
2015-04-14 21:28:46 - MOD: Modification Default
FILE: system/engine/action.php
REGEX: ~(require|include)(_once)?\(([^)]+)~
LINE: 58
FILE: system/engine/loader.php
REGEX: ~(require|include)(_once)?\(([^)]+)~
LINE: 20
LINE: 37
LINE: 54
LINE: 65
FILE: system/library/config.php
REGEX: ~(require|include)(_once)?\(([^)]+)~
LINE: 23
FILE: system/library/language.php
REGEX: ~(require|include)(_once)?\(([^)]+)~
LINE: 21
LINE: 27
----------------------------------------------------------------
MOD: Export/Import Tool for OpenCart 2.0.x
FILE: admin/controller/common/menu.php
CODE: $data['text_backup'] = $this->language->get('text_backup');
NOT FOUND!
CODE: $data['backup'] = $this->url->link('tool/backup', 'token=' . $this->session->data['token'], 'SSL');
LINE: 112
FILE: admin/language/english/common/menu.php
CODE: $_['text_backup']                      = 'Backup / Restore';
LINE: 6
FILE: admin/view/template/common/menu.tpl
CODE: <li><a href="<?php echo $backup; ?>"><?php echo $text_backup; ?></a></li>
LINE: 159
----------------------------------------------------------------
MOD: Local copy OCMOD by iSenseLabs
FILE: admin/controller/extension/installer.php
CODE: 'url'  => str_replace('&amp;', '&', $this->url->link('extension/installer/ftp', 'token=' . $this->session->data['token'], 'SSL')),
LINE: 132
CODE: public function unzip() {
LINE: 282
----------------------------------------------------------------
MOD: Multi Image Uploader 2.0
FILE: admin/view/template/catalog/product_form.tpl
CODE: <?php echo $entry_image; ?></td>
LINE: 818
CODE: <td class="text-right"><input type="text" name="product_image[<?php echo $image_row; ?>][sort_order]"
LINE: 836
CODE: <td class="text-left"><button type="button" onclick="addImage();" data-toggle="tooltip" title="<?php echo $button_image_add; ?>" class="btn btn-primary"><i class="fa fa-plus-circle"></i></button>
LINE: 845
CODE: html += '  <td class="text-right"><input type="text" name="product_image[' + image_row + '][sort_order]"
LINE: 1376
CODE: <?php echo $footer; ?>
LINE: 1516
FILE: admin/controller/catalog/product.php
CODE: $this->load->model('design/layout');
LINE: 1337
CODE: private $error = array();
LINE: 2
FILE: admin/view/template/common/filemanager.tpl
CODE: <?php if ($target) { ?>
LINE: 55
LINE: 114
FILE: admin/model/catalog/product.php
CODE: foreach ($data['product_description'] as $language_id => $value) {
LINE: 21
LINE: 155
CODE: foreach ($data['product_description'] as $language_id => $value) {
LINE: 27
LINE: 167
CODE: foreach ($data['product_image'] as $product_image) {
LINE: 80
LINE: 236
CODE: $this->db->query("DELETE FROM " . DB_PREFIX . "product_to_download WHERE product_id = '" . (int)$product_id . "'");
LINE: 250
LINE: 375
----------------------------------------------------------------
MOD: ProductManager by iSenseLabs
CODE: <li><a href="<?php echo $product; ?>"><?php echo $text_product; ?></a></li>
LINE: 5
CODE: $data['order_recurring'] = $this->url->link('sale/recurring', 'token=' . $this->session->data['token'], 'SSL');
LINE: 182
----------------------------------------------------------------
