2015-09-18 23:58:37 - PHP Notice:  Undefined variable: zones in /home/html/ocGositus/admin/view/template/sale/order_form.tpl on line 461
2015-09-18 23:58:37 - PHP Warning:  Invalid argument supplied for foreach() in /home/html/ocGositus/admin/view/template/sale/order_form.tpl on line 461
2015-09-18 23:58:37 - PHP Notice:  Undefined variable: cities in /home/html/ocGositus/admin/view/template/sale/order_form.tpl on line 482
2015-09-18 23:58:37 - PHP Warning:  Invalid argument supplied for foreach() in /home/html/ocGositus/admin/view/template/sale/order_form.tpl on line 482
2015-09-18 23:58:37 - PHP Notice:  Undefined variable: zones in /home/html/ocGositus/admin/view/template/sale/order_form.tpl on line 698
2015-09-18 23:58:37 - PHP Warning:  Invalid argument supplied for foreach() in /home/html/ocGositus/admin/view/template/sale/order_form.tpl on line 698
2015-09-18 23:58:37 - PHP Notice:  Undefined variable: cities in /home/html/ocGositus/admin/view/template/sale/order_form.tpl on line 718
2015-09-18 23:58:37 - PHP Warning:  Invalid argument supplied for foreach() in /home/html/ocGositus/admin/view/template/sale/order_form.tpl on line 718
2015-09-22 9:23:43 - PHP Notice:  Undefined index: name in /home/html/ocGositus/catalog/model/account/address.php on line 70
2015-09-22 9:23:46 - PHP Notice:  Undefined index: name in /home/html/ocGositus/catalog/model/account/address.php on line 70
2015-09-22 9:23:47 - PHP Notice:  Undefined index: name in /home/html/ocGositus/catalog/model/account/address.php on line 70
2015-09-28 17:37:27 - PHP Notice:  Undefined variable: zones in /home/html/ocGositus/admin/view/template/sale/order_form.tpl on line 461
2015-09-28 17:37:27 - PHP Warning:  Invalid argument supplied for foreach() in /home/html/ocGositus/admin/view/template/sale/order_form.tpl on line 461
2015-09-28 17:37:27 - PHP Notice:  Undefined variable: cities in /home/html/ocGositus/admin/view/template/sale/order_form.tpl on line 482
2015-09-28 17:37:27 - PHP Warning:  Invalid argument supplied for foreach() in /home/html/ocGositus/admin/view/template/sale/order_form.tpl on line 482
2015-09-28 17:37:27 - PHP Notice:  Undefined variable: zones in /home/html/ocGositus/admin/view/template/sale/order_form.tpl on line 698
2015-09-28 17:37:27 - PHP Warning:  Invalid argument supplied for foreach() in /home/html/ocGositus/admin/view/template/sale/order_form.tpl on line 698
2015-09-28 17:37:27 - PHP Notice:  Undefined variable: cities in /home/html/ocGositus/admin/view/template/sale/order_form.tpl on line 718
2015-09-28 17:37:27 - PHP Warning:  Invalid argument supplied for foreach() in /home/html/ocGositus/admin/view/template/sale/order_form.tpl on line 718
2015-09-28 17:38:19 - PHP Notice:  Undefined variable: zones in /home/html/ocGositus/admin/view/template/sale/order_form.tpl on line 461
2015-09-28 17:38:19 - PHP Warning:  Invalid argument supplied for foreach() in /home/html/ocGositus/admin/view/template/sale/order_form.tpl on line 461
2015-09-28 17:38:19 - PHP Notice:  Undefined variable: cities in /home/html/ocGositus/admin/view/template/sale/order_form.tpl on line 482
2015-09-28 17:38:19 - PHP Warning:  Invalid argument supplied for foreach() in /home/html/ocGositus/admin/view/template/sale/order_form.tpl on line 482
2015-09-28 17:38:19 - PHP Notice:  Undefined variable: zones in /home/html/ocGositus/admin/view/template/sale/order_form.tpl on line 698
2015-09-28 17:38:19 - PHP Warning:  Invalid argument supplied for foreach() in /home/html/ocGositus/admin/view/template/sale/order_form.tpl on line 698
2015-09-28 17:38:19 - PHP Notice:  Undefined variable: cities in /home/html/ocGositus/admin/view/template/sale/order_form.tpl on line 718
2015-09-28 17:38:19 - PHP Warning:  Invalid argument supplied for foreach() in /home/html/ocGositus/admin/view/template/sale/order_form.tpl on line 718
2015-09-28 17:39:39 - PHP Notice:  Undefined variable: zones in /home/html/ocGositus/admin/view/template/sale/order_form.tpl on line 461
2015-09-28 17:39:39 - PHP Warning:  Invalid argument supplied for foreach() in /home/html/ocGositus/admin/view/template/sale/order_form.tpl on line 461
2015-09-28 17:39:39 - PHP Notice:  Undefined variable: cities in /home/html/ocGositus/admin/view/template/sale/order_form.tpl on line 482
2015-09-28 17:39:39 - PHP Warning:  Invalid argument supplied for foreach() in /home/html/ocGositus/admin/view/template/sale/order_form.tpl on line 482
2015-09-28 17:39:39 - PHP Notice:  Undefined variable: zones in /home/html/ocGositus/admin/view/template/sale/order_form.tpl on line 698
2015-09-28 17:39:39 - PHP Warning:  Invalid argument supplied for foreach() in /home/html/ocGositus/admin/view/template/sale/order_form.tpl on line 698
2015-09-28 17:39:39 - PHP Notice:  Undefined variable: cities in /home/html/ocGositus/admin/view/template/sale/order_form.tpl on line 718
2015-09-28 17:39:39 - PHP Warning:  Invalid argument supplied for foreach() in /home/html/ocGositus/admin/view/template/sale/order_form.tpl on line 718
2015-09-28 17:44:00 - PHP Notice:  Undefined variable: zones in /home/html/ocGositus/admin/view/template/sale/order_form.tpl on line 461
2015-09-28 17:44:00 - PHP Warning:  Invalid argument supplied for foreach() in /home/html/ocGositus/admin/view/template/sale/order_form.tpl on line 461
2015-09-28 17:44:00 - PHP Notice:  Undefined variable: cities in /home/html/ocGositus/admin/view/template/sale/order_form.tpl on line 482
2015-09-28 17:44:00 - PHP Warning:  Invalid argument supplied for foreach() in /home/html/ocGositus/admin/view/template/sale/order_form.tpl on line 482
2015-09-28 17:44:00 - PHP Notice:  Undefined variable: zones in /home/html/ocGositus/admin/view/template/sale/order_form.tpl on line 698
2015-09-28 17:44:00 - PHP Warning:  Invalid argument supplied for foreach() in /home/html/ocGositus/admin/view/template/sale/order_form.tpl on line 698
2015-09-28 17:44:00 - PHP Notice:  Undefined variable: cities in /home/html/ocGositus/admin/view/template/sale/order_form.tpl on line 718
2015-09-28 17:44:00 - PHP Warning:  Invalid argument supplied for foreach() in /home/html/ocGositus/admin/view/template/sale/order_form.tpl on line 718
2015-09-28 20:52:41 - PHP Notice:  Undefined variable: zones in /home/html/ocGositus/admin/view/template/sale/order_form.tpl on line 461
2015-09-28 20:52:41 - PHP Warning:  Invalid argument supplied for foreach() in /home/html/ocGositus/admin/view/template/sale/order_form.tpl on line 461
2015-09-28 20:52:41 - PHP Notice:  Undefined variable: cities in /home/html/ocGositus/admin/view/template/sale/order_form.tpl on line 482
2015-09-28 20:52:41 - PHP Warning:  Invalid argument supplied for foreach() in /home/html/ocGositus/admin/view/template/sale/order_form.tpl on line 482
2015-09-28 20:52:41 - PHP Notice:  Undefined variable: zones in /home/html/ocGositus/admin/view/template/sale/order_form.tpl on line 698
2015-09-28 20:52:41 - PHP Warning:  Invalid argument supplied for foreach() in /home/html/ocGositus/admin/view/template/sale/order_form.tpl on line 698
2015-09-28 20:52:41 - PHP Notice:  Undefined variable: cities in /home/html/ocGositus/admin/view/template/sale/order_form.tpl on line 718
2015-09-28 20:52:41 - PHP Warning:  Invalid argument supplied for foreach() in /home/html/ocGositus/admin/view/template/sale/order_form.tpl on line 718
2015-10-01 11:28:31 - PHP Notice:  Undefined index: name in /home/html/ocGositus/catalog/model/account/address.php on line 70
2015-10-01 11:28:46 - PHP Notice:  Undefined index: name in /home/html/ocGositus/catalog/model/account/address.php on line 70
2015-10-01 11:29:01 - PHP Notice:  Undefined index: name in /home/html/ocGositus/catalog/model/account/address.php on line 70
2015-10-01 11:30:12 - PHP Notice:  Undefined index: name in /home/html/ocGositus/catalog/model/account/address.php on line 70
2015-10-01 11:30:50 - PHP Notice:  Undefined index: name in /home/html/ocGositus/catalog/model/account/address.php on line 70
2015-10-01 14:13:51 - PHP Notice:  Undefined index: name in /home/html/ocGositus/catalog/model/account/address.php on line 70
2015-10-08 15:53:43 - PHP Notice:  Undefined variable: zones in /home/html/ocGositus/admin/view/template/sale/order_form.tpl on line 461
2015-10-08 15:53:43 - PHP Warning:  Invalid argument supplied for foreach() in /home/html/ocGositus/admin/view/template/sale/order_form.tpl on line 461
2015-10-08 15:53:43 - PHP Notice:  Undefined variable: cities in /home/html/ocGositus/admin/view/template/sale/order_form.tpl on line 482
2015-10-08 15:53:43 - PHP Warning:  Invalid argument supplied for foreach() in /home/html/ocGositus/admin/view/template/sale/order_form.tpl on line 482
2015-10-08 15:53:43 - PHP Notice:  Undefined variable: zones in /home/html/ocGositus/admin/view/template/sale/order_form.tpl on line 698
2015-10-08 15:53:43 - PHP Warning:  Invalid argument supplied for foreach() in /home/html/ocGositus/admin/view/template/sale/order_form.tpl on line 698
2015-10-08 15:53:43 - PHP Notice:  Undefined variable: cities in /home/html/ocGositus/admin/view/template/sale/order_form.tpl on line 718
2015-10-08 15:53:43 - PHP Warning:  Invalid argument supplied for foreach() in /home/html/ocGositus/admin/view/template/sale/order_form.tpl on line 718
2015-10-08 15:54:00 - PHP Notice:  Undefined variable: zones in /home/html/ocGositus/admin/view/template/sale/order_form.tpl on line 461
2015-10-08 15:54:00 - PHP Warning:  Invalid argument supplied for foreach() in /home/html/ocGositus/admin/view/template/sale/order_form.tpl on line 461
2015-10-08 15:54:00 - PHP Notice:  Undefined variable: cities in /home/html/ocGositus/admin/view/template/sale/order_form.tpl on line 482
2015-10-08 15:54:00 - PHP Warning:  Invalid argument supplied for foreach() in /home/html/ocGositus/admin/view/template/sale/order_form.tpl on line 482
2015-10-08 15:54:00 - PHP Notice:  Undefined variable: zones in /home/html/ocGositus/admin/view/template/sale/order_form.tpl on line 698
2015-10-08 15:54:00 - PHP Warning:  Invalid argument supplied for foreach() in /home/html/ocGositus/admin/view/template/sale/order_form.tpl on line 698
2015-10-08 15:54:00 - PHP Notice:  Undefined variable: cities in /home/html/ocGositus/admin/view/template/sale/order_form.tpl on line 718
2015-10-08 15:54:00 - PHP Warning:  Invalid argument supplied for foreach() in /home/html/ocGositus/admin/view/template/sale/order_form.tpl on line 718
2015-10-08 15:54:10 - PHP Notice:  Undefined variable: zones in /home/html/ocGositus/admin/view/template/sale/order_form.tpl on line 461
2015-10-08 15:54:10 - PHP Warning:  Invalid argument supplied for foreach() in /home/html/ocGositus/admin/view/template/sale/order_form.tpl on line 461
2015-10-08 15:54:10 - PHP Notice:  Undefined variable: cities in /home/html/ocGositus/admin/view/template/sale/order_form.tpl on line 482
2015-10-08 15:54:10 - PHP Warning:  Invalid argument supplied for foreach() in /home/html/ocGositus/admin/view/template/sale/order_form.tpl on line 482
2015-10-08 15:54:10 - PHP Notice:  Undefined variable: zones in /home/html/ocGositus/admin/view/template/sale/order_form.tpl on line 698
2015-10-08 15:54:10 - PHP Warning:  Invalid argument supplied for foreach() in /home/html/ocGositus/admin/view/template/sale/order_form.tpl on line 698
2015-10-08 15:54:10 - PHP Notice:  Undefined variable: cities in /home/html/ocGositus/admin/view/template/sale/order_form.tpl on line 718
2015-10-08 15:54:10 - PHP Warning:  Invalid argument supplied for foreach() in /home/html/ocGositus/admin/view/template/sale/order_form.tpl on line 718
2015-10-12 17:20:51 - PHP Notice:  Undefined variable: search in /home/html/ocGositus/admin/view/template/module/multiimageuploader.tpl on line 7
2015-10-12 17:20:51 - PHP Notice:  Undefined variable: button_search in /home/html/ocGositus/admin/view/template/module/multiimageuploader.tpl on line 7
2015-10-17 2:01:44 - PHP Notice:  Undefined variable: zones in /home/html/ocGositus/admin/view/template/sale/order_form.tpl on line 461
2015-10-17 2:01:44 - PHP Warning:  Invalid argument supplied for foreach() in /home/html/ocGositus/admin/view/template/sale/order_form.tpl on line 461
2015-10-17 2:01:44 - PHP Notice:  Undefined variable: cities in /home/html/ocGositus/admin/view/template/sale/order_form.tpl on line 482
2015-10-17 2:01:44 - PHP Warning:  Invalid argument supplied for foreach() in /home/html/ocGositus/admin/view/template/sale/order_form.tpl on line 482
2015-10-17 2:01:44 - PHP Notice:  Undefined variable: zones in /home/html/ocGositus/admin/view/template/sale/order_form.tpl on line 698
2015-10-17 2:01:44 - PHP Warning:  Invalid argument supplied for foreach() in /home/html/ocGositus/admin/view/template/sale/order_form.tpl on line 698
2015-10-17 2:01:44 - PHP Notice:  Undefined variable: cities in /home/html/ocGositus/admin/view/template/sale/order_form.tpl on line 718
2015-10-17 2:01:44 - PHP Warning:  Invalid argument supplied for foreach() in /home/html/ocGositus/admin/view/template/sale/order_form.tpl on line 718
2015-10-17 2:14:10 - PHP Notice:  Error: You have an error in your SQL syntax; check the manual that corresponds to your MySQL server version for the right syntax to use near 'pd.name ASC LIMIT 0,30' at line 1<br />Error No: 1064<br />SELECT * FROM oc_product p LEFT JOIN oc_product_description pd ON (p.product_id = pd.product_id) WHERE pd.language_id = '1' GROUP BY p.product_id ORDER BY product_id DESC pd.name ASC LIMIT 0,30 in /home/html/ocGositus/system/library/db/mysqli.php on line 40
2015-10-17 2:14:10 - PHP Notice:  Trying to get property of non-object in /home/html/ocGositus/admin/model/catalog/product.php on line 495
2015-10-17 2:14:10 - PHP Warning:  Invalid argument supplied for foreach() in /home/html/ocGositus/admin/controller/catalog/product.php on line 410
2015-10-17 2:14:17 - PHP Notice:  Error: You have an error in your SQL syntax; check the manual that corresponds to your MySQL server version for the right syntax to use near 'pd.name ASC LIMIT 0,30' at line 1<br />Error No: 1064<br />SELECT * FROM oc_product p LEFT JOIN oc_product_description pd ON (p.product_id = pd.product_id) WHERE pd.language_id = '1' GROUP BY p.product_id ORDER BY p.product_id DESC pd.name ASC LIMIT 0,30 in /home/html/ocGositus/system/library/db/mysqli.php on line 40
2015-10-17 2:14:17 - PHP Notice:  Trying to get property of non-object in /home/html/ocGositus/admin/model/catalog/product.php on line 495
2015-10-17 2:14:17 - PHP Warning:  Invalid argument supplied for foreach() in /home/html/ocGositus/admin/controller/catalog/product.php on line 410
2015-10-17 2:14:41 - PHP Notice:  Error: You have an error in your SQL syntax; check the manual that corresponds to your MySQL server version for the right syntax to use near 'pd.name ASC LIMIT 0,30' at line 1<br />Error No: 1064<br />SELECT * FROM oc_product p LEFT JOIN oc_product_description pd ON (p.product_id = pd.product_id) WHERE pd.language_id = '1' GROUP BY p.product_id ORDER BY pd.product_id DESC pd.name ASC LIMIT 0,30 in /home/html/ocGositus/system/library/db/mysqli.php on line 40
2015-10-17 2:14:41 - PHP Notice:  Trying to get property of non-object in /home/html/ocGositus/admin/model/catalog/product.php on line 495
2015-10-17 2:14:41 - PHP Warning:  Invalid argument supplied for foreach() in /home/html/ocGositus/admin/controller/catalog/product.php on line 410
2015-10-17 2:14:57 - PHP Notice:  Error: Column 'product_id' in order clause is ambiguous<br />Error No: 1052<br />SELECT * FROM oc_product p LEFT JOIN oc_product_description pd ON (p.product_id = pd.product_id) WHERE pd.language_id = '1' GROUP BY p.product_id ORDER BY product_id DESC, pd.name ASC LIMIT 0,30 in /home/html/ocGositus/system/library/db/mysqli.php on line 40
2015-10-17 2:14:57 - PHP Notice:  Trying to get property of non-object in /home/html/ocGositus/admin/model/catalog/product.php on line 495
2015-10-17 2:14:57 - PHP Warning:  Invalid argument supplied for foreach() in /home/html/ocGositus/admin/controller/catalog/product.php on line 410
2015-11-09 0:49:53 - PHP Notice:  Undefined variable: zones in /home/html/ocGositus/admin/view/template/sale/order_form.tpl on line 461
2015-11-09 0:49:53 - PHP Warning:  Invalid argument supplied for foreach() in /home/html/ocGositus/admin/view/template/sale/order_form.tpl on line 461
2015-11-09 0:49:53 - PHP Notice:  Undefined variable: cities in /home/html/ocGositus/admin/view/template/sale/order_form.tpl on line 482
2015-11-09 0:49:53 - PHP Warning:  Invalid argument supplied for foreach() in /home/html/ocGositus/admin/view/template/sale/order_form.tpl on line 482
2015-11-09 0:49:53 - PHP Notice:  Undefined variable: zones in /home/html/ocGositus/admin/view/template/sale/order_form.tpl on line 698
2015-11-09 0:49:53 - PHP Warning:  Invalid argument supplied for foreach() in /home/html/ocGositus/admin/view/template/sale/order_form.tpl on line 698
2015-11-09 0:49:53 - PHP Notice:  Undefined variable: cities in /home/html/ocGositus/admin/view/template/sale/order_form.tpl on line 718
2015-11-09 0:49:53 - PHP Warning:  Invalid argument supplied for foreach() in /home/html/ocGositus/admin/view/template/sale/order_form.tpl on line 718
2015-11-24 11:58:50 - PHP Notice:  Undefined property: Url::$link in /home/html/ocGositus/catalog/controller/common/footer.php on line 50
2015-11-24 13:14:11 - PHP Notice:  Undefined property: Url::$link in /home/html/ocGositus/catalog/controller/common/footer.php on line 61
2015-11-24 13:14:21 - PHP Warning:  Missing argument 1 for Url::link(), called in /home/html/ocGositus/catalog/controller/common/footer.php on line 61 and defined in /home/html/ocGositus/system/library/url.php on line 16
2015-11-24 13:14:21 - PHP Notice:  Undefined variable: route in /home/html/ocGositus/system/library/url.php on line 23
2015-12-14 11:53:14 - PHP Notice:  Error: Table 'oc_ocGositus.newsletter' doesn't exist<br />Error No: 1146<br />SELECT newsletter_email FROM newsletter WHERE newsletter_email = 'aaa@A.c' in /home/html/ocGositus/system/library/db/mysqli.php on line 40
2015-12-14 11:53:14 - PHP Notice:  Trying to get property of non-object in /home/html/ocGositus/catalog/controller/common/footer.php on line 120
2015-12-14 11:53:14 - PHP Notice:  Undefined variable: url in /home/html/ocGositus/catalog/controller/common/footer.php on line 247
2015-12-14 11:53:14 - PHP Notice:  Undefined variable: store_url in /home/html/ocGositus/catalog/view/theme/default/template/mail/newsletter.tpl on line 34
2015-12-18 13:28:52 - PHP Notice:  Error: Table 'oc_ocGositus.newsletter' doesn't exist<br />Error No: 1146<br />SELECT newsletter_email FROM newsletter WHERE newsletter_email = 'yusuf@gositus.com' in /home/html/ocGositus/system/library/db/mysqli.php on line 40
2015-12-18 13:28:52 - PHP Notice:  Trying to get property of non-object in /home/html/ocGositus/catalog/model/account/customer.php on line 43
2015-12-18 13:28:52 - PHP Notice:  Undefined variable: url in /home/html/ocGositus/catalog/model/account/customer.php on line 180
2015-12-18 13:28:52 - PHP Notice:  Undefined variable: store_url in /home/html/ocGositus/catalog/view/theme/default/template/mail/register.tpl on line 34
2015-12-18 13:52:20 - PHP Notice:  Error: Could not load template /home/html/ocGositus/catalog/view/theme/default/template/payment/trf_bca.tpl! in /home/html/ocGositus/system/engine/loader.php on line 45
2015-12-18 15:36:25 - PHP Notice:  Error: Could not load template /home/html/ocGositus/catalog/view/theme/default/template/payment/trf_bca.tpl! in /home/html/ocGositus/system/engine/loader.php on line 45
2015-12-18 15:40:47 - PHP Notice:  Error: Could not load template /home/html/ocGositus/catalog/view/theme/default/template/payment/trf_bca.tpl! in /home/html/ocGositus/system/engine/loader.php on line 45
2015-12-22 8:50:42 - PHP Notice:  Undefined index: name in /home/html/ocGositus/catalog/model/account/address.php on line 70
2015-12-22 10:07:49 - PHP Notice:  Undefined variable: amount in /home/html/ocGositus/catalog/model/account/customer.php on line 92
2015-12-22 10:07:49 - PHP Notice:  Undefined variable: total in /home/html/ocGositus/catalog/model/account/customer.php on line 92
2015-12-22 10:07:49 - PHP Notice:  Undefined variable: code in /home/html/ocGositus/catalog/model/account/customer.php on line 93
2015-12-22 10:07:49 - PHP Notice:  Undefined variable: amount in /home/html/ocGositus/catalog/model/account/customer.php on line 120
2015-12-22 10:07:49 - PHP Notice:  Undefined variable: total in /home/html/ocGositus/catalog/model/account/customer.php on line 120
2015-12-22 10:07:49 - PHP Notice:  Undefined variable: code in /home/html/ocGositus/catalog/model/account/customer.php on line 121
2015-12-22 10:07:49 - PHP Notice:  Undefined variable: url in /home/html/ocGositus/catalog/model/account/customer.php on line 180
2015-12-22 10:07:49 - PHP Notice:  Undefined variable: store_url in /home/html/ocGositus/catalog/view/theme/default/template/mail/register.tpl on line 34
2015-12-22 10:08:33 - PHP Notice:  Error: Could not load template /home/html/ocGositus/catalog/view/theme/default/template/payment/trf_bca.tpl! in /home/html/ocGositus/system/engine/loader.php on line 45
2015-12-22 10:08:57 - PHP Notice:  Error: Could not load template /home/html/ocGositus/catalog/view/theme/default/template/payment/trf_bca.tpl! in /home/html/ocGositus/system/engine/loader.php on line 45
2015-12-22 10:09:09 - PHP Notice:  Error: Could not load template /home/html/ocGositus/catalog/view/theme/default/template/payment/trf_bca.tpl! in /home/html/ocGositus/system/engine/loader.php on line 45
2015-12-22 10:09:23 - PHP Notice:  Error: Could not load template /home/html/ocGositus/catalog/view/theme/default/template/payment/trf_bca.tpl! in /home/html/ocGositus/system/engine/loader.php on line 45
2015-12-22 10:12:14 - PHP Notice:  Error: Could not load template /home/html/ocGositus/catalog/view/theme/default/template/payment/trf_mandiri.tpl! in /home/html/ocGositus/system/engine/loader.php on line 45
2016-02-10 14:03:37 - PHP Notice:  Undefined variable: amount in /home/html/ocGositus/catalog/model/account/customer.php on line 92
2016-02-10 14:03:37 - PHP Notice:  Undefined variable: total in /home/html/ocGositus/catalog/model/account/customer.php on line 92
2016-02-10 14:03:37 - PHP Notice:  Undefined variable: code in /home/html/ocGositus/catalog/model/account/customer.php on line 93
2016-02-10 14:03:37 - PHP Notice:  Undefined variable: amount in /home/html/ocGositus/catalog/model/account/customer.php on line 120
2016-02-10 14:03:37 - PHP Notice:  Undefined variable: total in /home/html/ocGositus/catalog/model/account/customer.php on line 120
2016-02-10 14:03:37 - PHP Notice:  Undefined variable: code in /home/html/ocGositus/catalog/model/account/customer.php on line 121
2016-02-10 14:03:37 - PHP Notice:  Undefined variable: url in /home/html/ocGositus/catalog/model/account/customer.php on line 180
2016-02-10 14:03:37 - PHP Notice:  Undefined variable: store_url in /home/html/ocGositus/catalog/view/theme/default/template/mail/register.tpl on line 34
2016-02-10 14:05:57 - PHP Notice:  Error: Could not load template /home/html/ocGositus/catalog/view/theme/default/template/payment/trf_bca.tpl! in /home/html/ocGositus/system/engine/loader.php on line 45
2016-02-10 14:06:12 - PHP Notice:  Error: Could not load template /home/html/ocGositus/catalog/view/theme/default/template/payment/trf_bca.tpl! in /home/html/ocGositus/system/engine/loader.php on line 45
2016-02-11 11:07:10 - PHP Notice:  Error: Table 'oc_ocGositus.newsletter' doesn't exist<br />Error No: 1146<br />SELECT newsletter_email FROM newsletter WHERE newsletter_email = 'ones@gositus.com' in /home/html/ocGositus/system/library/db/mysqli.php on line 40
2016-02-11 11:07:10 - PHP Notice:  Trying to get property of non-object in /home/html/ocGositus/catalog/model/account/customer.php on line 43
2016-02-11 11:07:10 - PHP Notice:  Undefined variable: url in /home/html/ocGositus/catalog/model/account/customer.php on line 180
2016-02-11 11:07:10 - PHP Notice:  Undefined variable: store_url in /home/html/ocGositus/catalog/view/theme/default/template/mail/register.tpl on line 34
2016-02-11 14:11:08 - PHP Notice:  Undefined variable: zones in /home/html/ocGositus/admin/view/template/sale/order_form.tpl on line 461
2016-02-11 14:11:08 - PHP Warning:  Invalid argument supplied for foreach() in /home/html/ocGositus/admin/view/template/sale/order_form.tpl on line 461
2016-02-11 14:11:08 - PHP Notice:  Undefined variable: cities in /home/html/ocGositus/admin/view/template/sale/order_form.tpl on line 482
2016-02-11 14:11:08 - PHP Warning:  Invalid argument supplied for foreach() in /home/html/ocGositus/admin/view/template/sale/order_form.tpl on line 482
2016-02-11 14:11:08 - PHP Notice:  Undefined variable: zones in /home/html/ocGositus/admin/view/template/sale/order_form.tpl on line 698
2016-02-11 14:11:08 - PHP Warning:  Invalid argument supplied for foreach() in /home/html/ocGositus/admin/view/template/sale/order_form.tpl on line 698
2016-02-11 14:11:08 - PHP Notice:  Undefined variable: cities in /home/html/ocGositus/admin/view/template/sale/order_form.tpl on line 718
2016-02-11 14:11:08 - PHP Warning:  Invalid argument supplied for foreach() in /home/html/ocGositus/admin/view/template/sale/order_form.tpl on line 718
2016-02-29 9:55:24 - PHP Notice:  Error: Could not load template /home/html/ocGositus/catalog/view/theme/default/template/payment/trf_bca.tpl! in /home/html/ocGositus/system/engine/loader.php on line 45
2016-02-29 9:55:34 - PHP Notice:  Error: Could not load template /home/html/ocGositus/catalog/view/theme/default/template/payment/trf_mandiri.tpl! in /home/html/ocGositus/system/engine/loader.php on line 45
2016-02-29 9:55:40 - PHP Notice:  Error: Could not load template /home/html/ocGositus/catalog/view/theme/default/template/payment/trf_bni.tpl! in /home/html/ocGositus/system/engine/loader.php on line 45
2016-02-29 9:55:45 - PHP Notice:  Error: Could not load template /home/html/ocGositus/catalog/view/theme/default/template/payment/trf_bri.tpl! in /home/html/ocGositus/system/engine/loader.php on line 45
2016-04-26 10:46:20 - PHP Notice:  Undefined index: city_id in /home/html/ocGositus/catalog/model/shipping/jneoke.php on line 21
2016-04-26 10:46:20 - PHP Notice:  Undefined index: city_id in /home/html/ocGositus/catalog/model/shipping/jnereg.php on line 21
2016-04-26 10:46:20 - PHP Notice:  Undefined index: city_id in /home/html/ocGositus/catalog/model/shipping/jneyes.php on line 21
2016-04-26 10:46:45 - PHP Notice:  Error: Could not load template /home/html/ocGositus/catalog/view/theme/default/template/payment/trf_bca.tpl! in /home/html/ocGositus/system/engine/loader.php on line 45
2016-04-26 10:46:58 - PHP Notice:  Error: Could not load template /home/html/ocGositus/catalog/view/theme/default/template/payment/trf_bni.tpl! in /home/html/ocGositus/system/engine/loader.php on line 45
2016-04-26 10:47:01 - PHP Notice:  Error: Could not load template /home/html/ocGositus/catalog/view/theme/default/template/payment/trf_bri.tpl! in /home/html/ocGositus/system/engine/loader.php on line 45
2016-04-26 10:47:05 - PHP Notice:  Error: Could not load template /home/html/ocGositus/catalog/view/theme/default/template/payment/trf_danamon.tpl! in /home/html/ocGositus/system/engine/loader.php on line 45
2016-04-26 10:47:08 - PHP Notice:  Error: Could not load template /home/html/ocGositus/catalog/view/theme/default/template/payment/trf_mandiri.tpl! in /home/html/ocGositus/system/engine/loader.php on line 45
2016-04-26 10:47:14 - PHP Notice:  Error: Could not load template /home/html/ocGositus/catalog/view/theme/default/template/payment/trf_mandiri.tpl! in /home/html/ocGositus/system/engine/loader.php on line 45
2016-04-26 10:49:16 - PHP Notice:  Error: Could not load template /home/html/ocGositus/catalog/view/theme/default/template/payment/trf_bca.tpl! in /home/html/ocGositus/system/engine/loader.php on line 45
2016-04-26 10:49:49 - PHP Notice:  Error: Could not load template /home/html/ocGositus/catalog/view/theme/default/template/payment/trf_bca.tpl! in /home/html/ocGositus/system/engine/loader.php on line 45
2016-04-27 12:01:10 - PHP Notice:  Error: Could not load template /home/html/ocGositus/catalog/view/theme/default/template/payment/trf_bri.tpl! in /home/html/ocGositus/system/engine/loader.php on line 45
2016-04-27 15:15:50 - PHP Notice:  Undefined variable: zones in /home/html/ocGositus/admin/view/template/sale/order_form.tpl on line 461
2016-04-27 15:15:50 - PHP Warning:  Invalid argument supplied for foreach() in /home/html/ocGositus/admin/view/template/sale/order_form.tpl on line 461
2016-04-27 15:15:50 - PHP Notice:  Undefined variable: cities in /home/html/ocGositus/admin/view/template/sale/order_form.tpl on line 482
2016-04-27 15:15:50 - PHP Warning:  Invalid argument supplied for foreach() in /home/html/ocGositus/admin/view/template/sale/order_form.tpl on line 482
2016-04-27 15:15:50 - PHP Notice:  Undefined variable: zones in /home/html/ocGositus/admin/view/template/sale/order_form.tpl on line 698
2016-04-27 15:15:50 - PHP Warning:  Invalid argument supplied for foreach() in /home/html/ocGositus/admin/view/template/sale/order_form.tpl on line 698
2016-04-27 15:15:50 - PHP Notice:  Undefined variable: cities in /home/html/ocGositus/admin/view/template/sale/order_form.tpl on line 718
2016-04-27 15:15:50 - PHP Warning:  Invalid argument supplied for foreach() in /home/html/ocGositus/admin/view/template/sale/order_form.tpl on line 718
2016-04-27 15:16:01 - PHP Notice:  Undefined variable: zones in /home/html/ocGositus/admin/view/template/sale/order_form.tpl on line 461
2016-04-27 15:16:01 - PHP Warning:  Invalid argument supplied for foreach() in /home/html/ocGositus/admin/view/template/sale/order_form.tpl on line 461
2016-04-27 15:16:01 - PHP Notice:  Undefined variable: cities in /home/html/ocGositus/admin/view/template/sale/order_form.tpl on line 482
2016-04-27 15:16:01 - PHP Warning:  Invalid argument supplied for foreach() in /home/html/ocGositus/admin/view/template/sale/order_form.tpl on line 482
2016-04-27 15:16:01 - PHP Notice:  Undefined variable: zones in /home/html/ocGositus/admin/view/template/sale/order_form.tpl on line 698
2016-04-27 15:16:01 - PHP Warning:  Invalid argument supplied for foreach() in /home/html/ocGositus/admin/view/template/sale/order_form.tpl on line 698
2016-04-27 15:16:01 - PHP Notice:  Undefined variable: cities in /home/html/ocGositus/admin/view/template/sale/order_form.tpl on line 718
2016-04-27 15:16:01 - PHP Warning:  Invalid argument supplied for foreach() in /home/html/ocGositus/admin/view/template/sale/order_form.tpl on line 718
2016-04-27 15:16:15 - PHP Notice:  Undefined variable: zones in /home/html/ocGositus/admin/view/template/sale/order_form.tpl on line 461
2016-04-27 15:16:15 - PHP Warning:  Invalid argument supplied for foreach() in /home/html/ocGositus/admin/view/template/sale/order_form.tpl on line 461
2016-04-27 15:16:15 - PHP Notice:  Undefined variable: cities in /home/html/ocGositus/admin/view/template/sale/order_form.tpl on line 482
2016-04-27 15:16:15 - PHP Warning:  Invalid argument supplied for foreach() in /home/html/ocGositus/admin/view/template/sale/order_form.tpl on line 482
2016-04-27 15:16:15 - PHP Notice:  Undefined variable: zones in /home/html/ocGositus/admin/view/template/sale/order_form.tpl on line 698
2016-04-27 15:16:15 - PHP Warning:  Invalid argument supplied for foreach() in /home/html/ocGositus/admin/view/template/sale/order_form.tpl on line 698
2016-04-27 15:16:15 - PHP Notice:  Undefined variable: cities in /home/html/ocGositus/admin/view/template/sale/order_form.tpl on line 718
2016-04-27 15:16:15 - PHP Warning:  Invalid argument supplied for foreach() in /home/html/ocGositus/admin/view/template/sale/order_form.tpl on line 718
2016-04-28 16:33:17 - PHP Notice:  Undefined variable: amount in /home/html/ocGositus/catalog/model/account/customer.php on line 92
2016-04-28 16:33:17 - PHP Notice:  Undefined variable: total in /home/html/ocGositus/catalog/model/account/customer.php on line 92
2016-04-28 16:33:17 - PHP Notice:  Undefined variable: code in /home/html/ocGositus/catalog/model/account/customer.php on line 93
2016-04-28 16:33:17 - PHP Notice:  Undefined variable: amount in /home/html/ocGositus/catalog/model/account/customer.php on line 120
2016-04-28 16:33:17 - PHP Notice:  Undefined variable: total in /home/html/ocGositus/catalog/model/account/customer.php on line 120
2016-04-28 16:33:17 - PHP Notice:  Undefined variable: code in /home/html/ocGositus/catalog/model/account/customer.php on line 121
2016-04-28 16:33:17 - PHP Notice:  Undefined variable: url in /home/html/ocGositus/catalog/model/account/customer.php on line 180
2016-04-28 16:33:17 - PHP Notice:  Undefined variable: store_url in /home/html/ocGositus/catalog/view/theme/default/template/mail/register.tpl on line 34
2016-04-28 16:43:06 - PHP Notice:  Use of undefined constant results - assumed 'results' in /home/html/ocGositus/catalog/controller/checkout/payment_method.php on line 23
2016-04-29 9:09:52 - PHP Notice:  Error: Could not load model /home/html/ocGositus/catalog/model/checkout/credit.php! in /home/html/ocGositus/system/engine/loader.php on line 24
2016-04-29 9:09:57 - PHP Notice:  Error: Could not load template /home/html/ocGositus/catalog/view/theme/default/template/payment/trf_bni.tpl! in /home/html/ocGositus/system/engine/loader.php on line 45
2016-04-29 9:10:03 - PHP Notice:  Error: Could not load template /home/html/ocGositus/catalog/view/theme/default/template/payment/trf_bri.tpl! in /home/html/ocGositus/system/engine/loader.php on line 45
2016-04-29 9:12:56 - PHP Notice:  Error: Could not load template /home/html/ocGositus/catalog/view/theme/default/template/payment/trf_bri.tpl! in /home/html/ocGositus/system/engine/loader.php on line 45
2016-04-29 9:14:48 - PHP Notice:  Error: Could not load template /home/html/ocGositus/catalog/view/theme/default/template/payment/trf_bri.tpl! in /home/html/ocGositus/system/engine/loader.php on line 45
2016-04-29 9:15:41 - PHP Notice:  Error: Could not load model /home/html/ocGositus/catalog/model/checkout/credit.php! in /home/html/ocGositus/system/engine/loader.php on line 24
2016-04-29 9:21:33 - PHP Notice:  Error: Could not load template /home/html/ocGositus/catalog/view/theme/default/template/payment/trf_mandiri.tpl! in /home/html/ocGositus/system/engine/loader.php on line 45
2016-04-29 11:16:49 - PHP Notice:  Indirect modification of overloaded property ControllerPaymentDOKUOnecheckout::$data has no effect in /home/html/ocGositus/catalog/controller/payment/doku_onecheckout.php on line 142
2016-04-29 11:16:49 - PHP Notice:  Undefined index: data_product in /home/html/ocGositus/catalog/controller/payment/doku_onecheckout.php on line 142
2016-04-29 11:16:49 - PHP Notice:  Indirect modification of overloaded property ControllerPaymentDOKUOnecheckout::$data has no effect in /home/html/ocGositus/catalog/controller/payment/doku_onecheckout.php on line 155
2016-04-29 11:16:49 - PHP Notice:  Undefined index: data_product in /home/html/ocGositus/catalog/controller/payment/doku_onecheckout.php on line 155
2016-04-29 11:40:17 - PHP Notice:  Indirect modification of overloaded property ControllerPaymentDOKUOnecheckout::$data has no effect in /home/html/ocGositus/catalog/controller/payment/doku_onecheckout.php on line 142
2016-04-29 11:40:17 - PHP Notice:  Undefined index: data_product in /home/html/ocGositus/catalog/controller/payment/doku_onecheckout.php on line 142
2016-04-29 11:40:17 - PHP Notice:  Indirect modification of overloaded property ControllerPaymentDOKUOnecheckout::$data has no effect in /home/html/ocGositus/catalog/controller/payment/doku_onecheckout.php on line 155
2016-04-29 11:40:17 - PHP Notice:  Undefined index: data_product in /home/html/ocGositus/catalog/controller/payment/doku_onecheckout.php on line 155
2016-05-02 10:21:44 - PHP Notice:  Undefined variable: zones in /home/html/ocGositus/admin/view/template/sale/order_form.tpl on line 461
2016-05-02 10:21:44 - PHP Warning:  Invalid argument supplied for foreach() in /home/html/ocGositus/admin/view/template/sale/order_form.tpl on line 461
2016-05-02 10:21:44 - PHP Notice:  Undefined variable: cities in /home/html/ocGositus/admin/view/template/sale/order_form.tpl on line 482
2016-05-02 10:21:44 - PHP Warning:  Invalid argument supplied for foreach() in /home/html/ocGositus/admin/view/template/sale/order_form.tpl on line 482
2016-05-02 10:21:44 - PHP Notice:  Undefined variable: zones in /home/html/ocGositus/admin/view/template/sale/order_form.tpl on line 698
2016-05-02 10:21:44 - PHP Warning:  Invalid argument supplied for foreach() in /home/html/ocGositus/admin/view/template/sale/order_form.tpl on line 698
2016-05-02 10:21:44 - PHP Notice:  Undefined variable: cities in /home/html/ocGositus/admin/view/template/sale/order_form.tpl on line 718
2016-05-02 10:21:44 - PHP Warning:  Invalid argument supplied for foreach() in /home/html/ocGositus/admin/view/template/sale/order_form.tpl on line 718
2016-05-02 14:42:32 - PHP Unknown:  Object of class ControllerInformationContact could not be converted to string in /home/html/ocGositus/catalog/controller/information/contact.php on line 15
2016-05-02 14:42:32 - PHP Notice:  Object of class ControllerInformationContact to string conversion in /home/html/ocGositus/catalog/controller/information/contact.php on line 15
2016-05-02 14:42:32 - PHP Notice:  Undefined property: Config::$Object in /home/html/ocGositus/catalog/controller/information/contact.php on line 15
2016-05-02 14:42:32 - PHP Notice:  Trying to get property of non-object in /home/html/ocGositus/catalog/controller/information/contact.php on line 15
2016-05-02 14:42:32 - PHP Notice:  Trying to get property of non-object in /home/html/ocGositus/catalog/controller/information/contact.php on line 15
2016-05-02 14:42:32 - PHP Notice:  Error: E-Mail from required! in /home/html/ocGositus/system/library/mail.php on line 68
2016-05-02 14:53:40 - PHP Notice:  Undefined property: Mail::$setTo in /home/html/ocGositus/system/library/mail.php on line 107
2016-05-02 17:27:55 - PHP Notice:  Undefined variable: zones in /home/html/ocGositus/admin/view/template/sale/order_form.tpl on line 461
2016-05-02 17:27:55 - PHP Warning:  Invalid argument supplied for foreach() in /home/html/ocGositus/admin/view/template/sale/order_form.tpl on line 461
2016-05-02 17:27:55 - PHP Notice:  Undefined variable: cities in /home/html/ocGositus/admin/view/template/sale/order_form.tpl on line 482
2016-05-02 17:27:55 - PHP Warning:  Invalid argument supplied for foreach() in /home/html/ocGositus/admin/view/template/sale/order_form.tpl on line 482
2016-05-02 17:27:55 - PHP Notice:  Undefined variable: zones in /home/html/ocGositus/admin/view/template/sale/order_form.tpl on line 698
2016-05-02 17:27:55 - PHP Warning:  Invalid argument supplied for foreach() in /home/html/ocGositus/admin/view/template/sale/order_form.tpl on line 698
2016-05-02 17:27:55 - PHP Notice:  Undefined variable: cities in /home/html/ocGositus/admin/view/template/sale/order_form.tpl on line 718
2016-05-02 17:27:55 - PHP Warning:  Invalid argument supplied for foreach() in /home/html/ocGositus/admin/view/template/sale/order_form.tpl on line 718
2016-05-02 17:29:25 - PHP Notice:  Undefined variable: zones in /home/html/ocGositus/admin/view/template/sale/order_form.tpl on line 461
2016-05-02 17:29:25 - PHP Warning:  Invalid argument supplied for foreach() in /home/html/ocGositus/admin/view/template/sale/order_form.tpl on line 461
2016-05-02 17:29:25 - PHP Notice:  Undefined variable: cities in /home/html/ocGositus/admin/view/template/sale/order_form.tpl on line 482
2016-05-02 17:29:25 - PHP Warning:  Invalid argument supplied for foreach() in /home/html/ocGositus/admin/view/template/sale/order_form.tpl on line 482
2016-05-02 17:29:25 - PHP Notice:  Undefined variable: zones in /home/html/ocGositus/admin/view/template/sale/order_form.tpl on line 698
2016-05-02 17:29:25 - PHP Warning:  Invalid argument supplied for foreach() in /home/html/ocGositus/admin/view/template/sale/order_form.tpl on line 698
2016-05-02 17:29:25 - PHP Notice:  Undefined variable: cities in /home/html/ocGositus/admin/view/template/sale/order_form.tpl on line 718
2016-05-02 17:29:25 - PHP Warning:  Invalid argument supplied for foreach() in /home/html/ocGositus/admin/view/template/sale/order_form.tpl on line 718
2016-05-02 17:30:49 - PHP Notice:  Undefined variable: zones in /home/html/ocGositus/admin/view/template/sale/order_form.tpl on line 461
2016-05-02 17:30:49 - PHP Warning:  Invalid argument supplied for foreach() in /home/html/ocGositus/admin/view/template/sale/order_form.tpl on line 461
2016-05-02 17:30:49 - PHP Notice:  Undefined variable: cities in /home/html/ocGositus/admin/view/template/sale/order_form.tpl on line 482
2016-05-02 17:30:49 - PHP Warning:  Invalid argument supplied for foreach() in /home/html/ocGositus/admin/view/template/sale/order_form.tpl on line 482
2016-05-02 17:30:49 - PHP Notice:  Undefined variable: zones in /home/html/ocGositus/admin/view/template/sale/order_form.tpl on line 698
2016-05-02 17:30:49 - PHP Warning:  Invalid argument supplied for foreach() in /home/html/ocGositus/admin/view/template/sale/order_form.tpl on line 698
2016-05-02 17:30:49 - PHP Notice:  Undefined variable: cities in /home/html/ocGositus/admin/view/template/sale/order_form.tpl on line 718
2016-05-02 17:30:49 - PHP Warning:  Invalid argument supplied for foreach() in /home/html/ocGositus/admin/view/template/sale/order_form.tpl on line 718
2016-05-02 17:31:00 - PHP Notice:  Undefined variable: zones in /home/html/ocGositus/admin/view/template/sale/order_form.tpl on line 461
2016-05-02 17:31:00 - PHP Warning:  Invalid argument supplied for foreach() in /home/html/ocGositus/admin/view/template/sale/order_form.tpl on line 461
2016-05-02 17:31:00 - PHP Notice:  Undefined variable: cities in /home/html/ocGositus/admin/view/template/sale/order_form.tpl on line 482
2016-05-02 17:31:00 - PHP Warning:  Invalid argument supplied for foreach() in /home/html/ocGositus/admin/view/template/sale/order_form.tpl on line 482
2016-05-02 17:31:00 - PHP Notice:  Undefined variable: zones in /home/html/ocGositus/admin/view/template/sale/order_form.tpl on line 698
2016-05-02 17:31:00 - PHP Warning:  Invalid argument supplied for foreach() in /home/html/ocGositus/admin/view/template/sale/order_form.tpl on line 698
2016-05-02 17:31:00 - PHP Notice:  Undefined variable: cities in /home/html/ocGositus/admin/view/template/sale/order_form.tpl on line 718
2016-05-02 17:31:00 - PHP Warning:  Invalid argument supplied for foreach() in /home/html/ocGositus/admin/view/template/sale/order_form.tpl on line 718
2016-05-02 17:31:54 - PHP Notice:  Undefined variable: zones in /home/html/ocGositus/admin/view/template/sale/order_form.tpl on line 461
2016-05-02 17:31:54 - PHP Warning:  Invalid argument supplied for foreach() in /home/html/ocGositus/admin/view/template/sale/order_form.tpl on line 461
2016-05-02 17:31:54 - PHP Notice:  Undefined variable: cities in /home/html/ocGositus/admin/view/template/sale/order_form.tpl on line 482
2016-05-02 17:31:54 - PHP Warning:  Invalid argument supplied for foreach() in /home/html/ocGositus/admin/view/template/sale/order_form.tpl on line 482
2016-05-02 17:31:54 - PHP Notice:  Undefined variable: zones in /home/html/ocGositus/admin/view/template/sale/order_form.tpl on line 698
2016-05-02 17:31:54 - PHP Warning:  Invalid argument supplied for foreach() in /home/html/ocGositus/admin/view/template/sale/order_form.tpl on line 698
2016-05-02 17:31:54 - PHP Notice:  Undefined variable: cities in /home/html/ocGositus/admin/view/template/sale/order_form.tpl on line 718
2016-05-02 17:31:54 - PHP Warning:  Invalid argument supplied for foreach() in /home/html/ocGositus/admin/view/template/sale/order_form.tpl on line 718
2016-05-02 17:35:06 - PHP Notice:  Undefined variable: zones in /home/html/ocGositus/admin/view/template/sale/order_form.tpl on line 461
2016-05-02 17:35:06 - PHP Warning:  Invalid argument supplied for foreach() in /home/html/ocGositus/admin/view/template/sale/order_form.tpl on line 461
2016-05-02 17:35:06 - PHP Notice:  Undefined variable: cities in /home/html/ocGositus/admin/view/template/sale/order_form.tpl on line 482
2016-05-02 17:35:06 - PHP Warning:  Invalid argument supplied for foreach() in /home/html/ocGositus/admin/view/template/sale/order_form.tpl on line 482
2016-05-02 17:35:06 - PHP Notice:  Undefined variable: zones in /home/html/ocGositus/admin/view/template/sale/order_form.tpl on line 698
2016-05-02 17:35:06 - PHP Warning:  Invalid argument supplied for foreach() in /home/html/ocGositus/admin/view/template/sale/order_form.tpl on line 698
2016-05-02 17:35:06 - PHP Notice:  Undefined variable: cities in /home/html/ocGositus/admin/view/template/sale/order_form.tpl on line 718
2016-05-02 17:35:06 - PHP Warning:  Invalid argument supplied for foreach() in /home/html/ocGositus/admin/view/template/sale/order_form.tpl on line 718
2016-05-03 9:46:03 - PHP Notice:  Undefined variable: zones in /home/html/ocGositus/admin/view/template/sale/order_form.tpl on line 461
2016-05-03 9:46:03 - PHP Warning:  Invalid argument supplied for foreach() in /home/html/ocGositus/admin/view/template/sale/order_form.tpl on line 461
2016-05-03 9:46:03 - PHP Notice:  Undefined variable: cities in /home/html/ocGositus/admin/view/template/sale/order_form.tpl on line 482
2016-05-03 9:46:03 - PHP Warning:  Invalid argument supplied for foreach() in /home/html/ocGositus/admin/view/template/sale/order_form.tpl on line 482
2016-05-03 9:46:03 - PHP Notice:  Undefined variable: zones in /home/html/ocGositus/admin/view/template/sale/order_form.tpl on line 698
2016-05-03 9:46:03 - PHP Warning:  Invalid argument supplied for foreach() in /home/html/ocGositus/admin/view/template/sale/order_form.tpl on line 698
2016-05-03 9:46:03 - PHP Notice:  Undefined variable: cities in /home/html/ocGositus/admin/view/template/sale/order_form.tpl on line 718
2016-05-03 9:46:03 - PHP Warning:  Invalid argument supplied for foreach() in /home/html/ocGositus/admin/view/template/sale/order_form.tpl on line 718
2016-05-03 9:47:00 - PHP Notice:  Undefined variable: zones in /home/html/ocGositus/admin/view/template/sale/order_form.tpl on line 461
2016-05-03 9:47:00 - PHP Warning:  Invalid argument supplied for foreach() in /home/html/ocGositus/admin/view/template/sale/order_form.tpl on line 461
2016-05-03 9:47:00 - PHP Notice:  Undefined variable: cities in /home/html/ocGositus/admin/view/template/sale/order_form.tpl on line 482
2016-05-03 9:47:00 - PHP Warning:  Invalid argument supplied for foreach() in /home/html/ocGositus/admin/view/template/sale/order_form.tpl on line 482
2016-05-03 9:47:00 - PHP Notice:  Undefined variable: zones in /home/html/ocGositus/admin/view/template/sale/order_form.tpl on line 698
2016-05-03 9:47:00 - PHP Warning:  Invalid argument supplied for foreach() in /home/html/ocGositus/admin/view/template/sale/order_form.tpl on line 698
2016-05-03 9:47:00 - PHP Notice:  Undefined variable: cities in /home/html/ocGositus/admin/view/template/sale/order_form.tpl on line 718
2016-05-03 9:47:00 - PHP Warning:  Invalid argument supplied for foreach() in /home/html/ocGositus/admin/view/template/sale/order_form.tpl on line 718
2016-05-03 9:47:44 - PHP Notice:  Undefined variable: zones in /home/html/ocGositus/admin/view/template/sale/order_form.tpl on line 461
2016-05-03 9:47:44 - PHP Warning:  Invalid argument supplied for foreach() in /home/html/ocGositus/admin/view/template/sale/order_form.tpl on line 461
2016-05-03 9:47:44 - PHP Notice:  Undefined variable: cities in /home/html/ocGositus/admin/view/template/sale/order_form.tpl on line 482
2016-05-03 9:47:44 - PHP Warning:  Invalid argument supplied for foreach() in /home/html/ocGositus/admin/view/template/sale/order_form.tpl on line 482
2016-05-03 9:47:44 - PHP Notice:  Undefined variable: zones in /home/html/ocGositus/admin/view/template/sale/order_form.tpl on line 698
2016-05-03 9:47:44 - PHP Warning:  Invalid argument supplied for foreach() in /home/html/ocGositus/admin/view/template/sale/order_form.tpl on line 698
2016-05-03 9:47:44 - PHP Notice:  Undefined variable: cities in /home/html/ocGositus/admin/view/template/sale/order_form.tpl on line 718
2016-05-03 9:47:44 - PHP Warning:  Invalid argument supplied for foreach() in /home/html/ocGositus/admin/view/template/sale/order_form.tpl on line 718
2016-05-03 9:48:12 - PHP Notice:  Undefined variable: zones in /home/html/ocGositus/admin/view/template/sale/order_form.tpl on line 461
2016-05-03 9:48:12 - PHP Warning:  Invalid argument supplied for foreach() in /home/html/ocGositus/admin/view/template/sale/order_form.tpl on line 461
2016-05-03 9:48:12 - PHP Notice:  Undefined variable: cities in /home/html/ocGositus/admin/view/template/sale/order_form.tpl on line 482
2016-05-03 9:48:12 - PHP Warning:  Invalid argument supplied for foreach() in /home/html/ocGositus/admin/view/template/sale/order_form.tpl on line 482
2016-05-03 9:48:12 - PHP Notice:  Undefined variable: zones in /home/html/ocGositus/admin/view/template/sale/order_form.tpl on line 698
2016-05-03 9:48:12 - PHP Warning:  Invalid argument supplied for foreach() in /home/html/ocGositus/admin/view/template/sale/order_form.tpl on line 698
2016-05-03 9:48:12 - PHP Notice:  Undefined variable: cities in /home/html/ocGositus/admin/view/template/sale/order_form.tpl on line 718
2016-05-03 9:48:12 - PHP Warning:  Invalid argument supplied for foreach() in /home/html/ocGositus/admin/view/template/sale/order_form.tpl on line 718
2016-05-03 9:49:02 - PHP Notice:  Undefined variable: zones in /home/html/ocGositus/admin/view/template/sale/order_form.tpl on line 461
2016-05-03 9:49:02 - PHP Warning:  Invalid argument supplied for foreach() in /home/html/ocGositus/admin/view/template/sale/order_form.tpl on line 461
2016-05-03 9:49:02 - PHP Notice:  Undefined variable: cities in /home/html/ocGositus/admin/view/template/sale/order_form.tpl on line 482
2016-05-03 9:49:02 - PHP Warning:  Invalid argument supplied for foreach() in /home/html/ocGositus/admin/view/template/sale/order_form.tpl on line 482
2016-05-03 9:49:02 - PHP Notice:  Undefined variable: zones in /home/html/ocGositus/admin/view/template/sale/order_form.tpl on line 698
2016-05-03 9:49:02 - PHP Warning:  Invalid argument supplied for foreach() in /home/html/ocGositus/admin/view/template/sale/order_form.tpl on line 698
2016-05-03 9:49:02 - PHP Notice:  Undefined variable: cities in /home/html/ocGositus/admin/view/template/sale/order_form.tpl on line 718
2016-05-03 9:49:02 - PHP Warning:  Invalid argument supplied for foreach() in /home/html/ocGositus/admin/view/template/sale/order_form.tpl on line 718
2016-05-03 13:09:46 - PHP Notice:  Undefined variable: zones in /home/html/ocGositus/admin/view/template/sale/order_form.tpl on line 461
2016-05-03 13:09:46 - PHP Warning:  Invalid argument supplied for foreach() in /home/html/ocGositus/admin/view/template/sale/order_form.tpl on line 461
2016-05-03 13:09:46 - PHP Notice:  Undefined variable: cities in /home/html/ocGositus/admin/view/template/sale/order_form.tpl on line 482
2016-05-03 13:09:46 - PHP Warning:  Invalid argument supplied for foreach() in /home/html/ocGositus/admin/view/template/sale/order_form.tpl on line 482
2016-05-03 13:09:46 - PHP Notice:  Undefined variable: zones in /home/html/ocGositus/admin/view/template/sale/order_form.tpl on line 698
2016-05-03 13:09:46 - PHP Warning:  Invalid argument supplied for foreach() in /home/html/ocGositus/admin/view/template/sale/order_form.tpl on line 698
2016-05-03 13:09:46 - PHP Notice:  Undefined variable: cities in /home/html/ocGositus/admin/view/template/sale/order_form.tpl on line 718
2016-05-03 13:09:46 - PHP Warning:  Invalid argument supplied for foreach() in /home/html/ocGositus/admin/view/template/sale/order_form.tpl on line 718
2016-05-03 13:16:59 - PHP Notice:  Undefined variable: zones in /home/html/ocGositus/admin/view/template/sale/order_form.tpl on line 461
2016-05-03 13:16:59 - PHP Warning:  Invalid argument supplied for foreach() in /home/html/ocGositus/admin/view/template/sale/order_form.tpl on line 461
2016-05-03 13:16:59 - PHP Notice:  Undefined variable: cities in /home/html/ocGositus/admin/view/template/sale/order_form.tpl on line 482
2016-05-03 13:16:59 - PHP Warning:  Invalid argument supplied for foreach() in /home/html/ocGositus/admin/view/template/sale/order_form.tpl on line 482
2016-05-03 13:16:59 - PHP Notice:  Undefined variable: zones in /home/html/ocGositus/admin/view/template/sale/order_form.tpl on line 698
2016-05-03 13:16:59 - PHP Warning:  Invalid argument supplied for foreach() in /home/html/ocGositus/admin/view/template/sale/order_form.tpl on line 698
2016-05-03 13:16:59 - PHP Notice:  Undefined variable: cities in /home/html/ocGositus/admin/view/template/sale/order_form.tpl on line 718
2016-05-03 13:16:59 - PHP Warning:  Invalid argument supplied for foreach() in /home/html/ocGositus/admin/view/template/sale/order_form.tpl on line 718
2016-05-03 13:22:10 - PHP Notice:  Undefined variable: zones in /home/html/ocGositus/admin/view/template/sale/order_form.tpl on line 461
2016-05-03 13:22:10 - PHP Warning:  Invalid argument supplied for foreach() in /home/html/ocGositus/admin/view/template/sale/order_form.tpl on line 461
2016-05-03 13:22:10 - PHP Notice:  Undefined variable: cities in /home/html/ocGositus/admin/view/template/sale/order_form.tpl on line 482
2016-05-03 13:22:10 - PHP Warning:  Invalid argument supplied for foreach() in /home/html/ocGositus/admin/view/template/sale/order_form.tpl on line 482
2016-05-03 13:22:10 - PHP Notice:  Undefined variable: zones in /home/html/ocGositus/admin/view/template/sale/order_form.tpl on line 698
2016-05-03 13:22:10 - PHP Warning:  Invalid argument supplied for foreach() in /home/html/ocGositus/admin/view/template/sale/order_form.tpl on line 698
2016-05-03 13:22:10 - PHP Notice:  Undefined variable: cities in /home/html/ocGositus/admin/view/template/sale/order_form.tpl on line 718
2016-05-03 13:22:10 - PHP Warning:  Invalid argument supplied for foreach() in /home/html/ocGositus/admin/view/template/sale/order_form.tpl on line 718
2016-05-03 13:23:17 - PHP Notice:  Undefined variable: zones in /home/html/ocGositus/admin/view/template/sale/order_form.tpl on line 461
2016-05-03 13:23:17 - PHP Warning:  Invalid argument supplied for foreach() in /home/html/ocGositus/admin/view/template/sale/order_form.tpl on line 461
2016-05-03 13:23:17 - PHP Notice:  Undefined variable: cities in /home/html/ocGositus/admin/view/template/sale/order_form.tpl on line 482
2016-05-03 13:23:17 - PHP Warning:  Invalid argument supplied for foreach() in /home/html/ocGositus/admin/view/template/sale/order_form.tpl on line 482
2016-05-03 13:23:17 - PHP Notice:  Undefined variable: zones in /home/html/ocGositus/admin/view/template/sale/order_form.tpl on line 698
2016-05-03 13:23:17 - PHP Warning:  Invalid argument supplied for foreach() in /home/html/ocGositus/admin/view/template/sale/order_form.tpl on line 698
2016-05-03 13:23:17 - PHP Notice:  Undefined variable: cities in /home/html/ocGositus/admin/view/template/sale/order_form.tpl on line 718
2016-05-03 13:23:17 - PHP Warning:  Invalid argument supplied for foreach() in /home/html/ocGositus/admin/view/template/sale/order_form.tpl on line 718
2016-05-03 13:28:12 - PHP Notice:  Undefined variable: api_info in /home/html/ocGositus/admin/controller/sale/order.php on line 102
2016-05-03 13:28:12 - PHP Warning:  http_build_query(): Parameter 1 expected to be Array or Object.  Incorrect value given in /home/html/ocGositus/admin/controller/sale/order.php on line 102
2016-05-03 13:28:12 - PHP Notice:  Undefined variable: zones in /home/html/ocGositus/admin/view/template/sale/order_form.tpl on line 461
2016-05-03 13:28:12 - PHP Warning:  Invalid argument supplied for foreach() in /home/html/ocGositus/admin/view/template/sale/order_form.tpl on line 461
2016-05-03 13:28:12 - PHP Notice:  Undefined variable: cities in /home/html/ocGositus/admin/view/template/sale/order_form.tpl on line 482
2016-05-03 13:28:12 - PHP Warning:  Invalid argument supplied for foreach() in /home/html/ocGositus/admin/view/template/sale/order_form.tpl on line 482
2016-05-03 13:28:12 - PHP Notice:  Undefined variable: zones in /home/html/ocGositus/admin/view/template/sale/order_form.tpl on line 698
2016-05-03 13:28:12 - PHP Warning:  Invalid argument supplied for foreach() in /home/html/ocGositus/admin/view/template/sale/order_form.tpl on line 698
2016-05-03 13:28:12 - PHP Notice:  Undefined variable: cities in /home/html/ocGositus/admin/view/template/sale/order_form.tpl on line 718
2016-05-03 13:28:12 - PHP Warning:  Invalid argument supplied for foreach() in /home/html/ocGositus/admin/view/template/sale/order_form.tpl on line 718
2016-05-03 13:28:47 - PHP Notice:  Undefined variable: api_info in /home/html/ocGositus/admin/controller/sale/order.php on line 101
2016-05-03 13:28:47 - PHP Warning:  http_build_query(): Parameter 1 expected to be Array or Object.  Incorrect value given in /home/html/ocGositus/admin/controller/sale/order.php on line 101
2016-05-03 13:29:15 - PHP Notice:  Undefined variable: api_info in /home/html/ocGositus/admin/controller/sale/order.php on line 101
2016-05-03 13:29:15 - PHP Warning:  http_build_query(): Parameter 1 expected to be Array or Object.  Incorrect value given in /home/html/ocGositus/admin/controller/sale/order.php on line 101
2016-05-03 13:29:15 - PHP Notice:  Undefined variable: zones in /home/html/ocGositus/admin/view/template/sale/order_form.tpl on line 461
2016-05-03 13:29:15 - PHP Warning:  Invalid argument supplied for foreach() in /home/html/ocGositus/admin/view/template/sale/order_form.tpl on line 461
2016-05-03 13:29:15 - PHP Notice:  Undefined variable: cities in /home/html/ocGositus/admin/view/template/sale/order_form.tpl on line 482
2016-05-03 13:29:15 - PHP Warning:  Invalid argument supplied for foreach() in /home/html/ocGositus/admin/view/template/sale/order_form.tpl on line 482
2016-05-03 13:29:15 - PHP Notice:  Undefined variable: zones in /home/html/ocGositus/admin/view/template/sale/order_form.tpl on line 698
2016-05-03 13:29:15 - PHP Warning:  Invalid argument supplied for foreach() in /home/html/ocGositus/admin/view/template/sale/order_form.tpl on line 698
2016-05-03 13:29:15 - PHP Notice:  Undefined variable: cities in /home/html/ocGositus/admin/view/template/sale/order_form.tpl on line 718
2016-05-03 13:29:15 - PHP Warning:  Invalid argument supplied for foreach() in /home/html/ocGositus/admin/view/template/sale/order_form.tpl on line 718
2016-05-03 13:29:19 - PHP Notice:  Undefined variable: api_info in /home/html/ocGositus/admin/controller/sale/order.php on line 101
2016-05-03 13:29:19 - PHP Warning:  http_build_query(): Parameter 1 expected to be Array or Object.  Incorrect value given in /home/html/ocGositus/admin/controller/sale/order.php on line 101
2016-05-03 13:30:22 - PHP Notice:  Undefined variable: zones in /home/html/ocGositus/admin/view/template/sale/order_form.tpl on line 461
2016-05-03 13:30:22 - PHP Warning:  Invalid argument supplied for foreach() in /home/html/ocGositus/admin/view/template/sale/order_form.tpl on line 461
2016-05-03 13:30:22 - PHP Notice:  Undefined variable: cities in /home/html/ocGositus/admin/view/template/sale/order_form.tpl on line 482
2016-05-03 13:30:22 - PHP Warning:  Invalid argument supplied for foreach() in /home/html/ocGositus/admin/view/template/sale/order_form.tpl on line 482
2016-05-03 13:30:22 - PHP Notice:  Undefined variable: zones in /home/html/ocGositus/admin/view/template/sale/order_form.tpl on line 698
2016-05-03 13:30:22 - PHP Warning:  Invalid argument supplied for foreach() in /home/html/ocGositus/admin/view/template/sale/order_form.tpl on line 698
2016-05-03 13:30:22 - PHP Notice:  Undefined variable: cities in /home/html/ocGositus/admin/view/template/sale/order_form.tpl on line 718
2016-05-03 13:30:22 - PHP Warning:  Invalid argument supplied for foreach() in /home/html/ocGositus/admin/view/template/sale/order_form.tpl on line 718
2016-05-03 13:33:15 - PHP Notice:  Undefined variable: zones in /home/html/ocGositus/admin/view/template/sale/order_form.tpl on line 461
2016-05-03 13:33:15 - PHP Warning:  Invalid argument supplied for foreach() in /home/html/ocGositus/admin/view/template/sale/order_form.tpl on line 461
2016-05-03 13:33:15 - PHP Notice:  Undefined variable: cities in /home/html/ocGositus/admin/view/template/sale/order_form.tpl on line 482
2016-05-03 13:33:15 - PHP Warning:  Invalid argument supplied for foreach() in /home/html/ocGositus/admin/view/template/sale/order_form.tpl on line 482
2016-05-03 13:33:15 - PHP Notice:  Undefined variable: zones in /home/html/ocGositus/admin/view/template/sale/order_form.tpl on line 698
2016-05-03 13:33:15 - PHP Warning:  Invalid argument supplied for foreach() in /home/html/ocGositus/admin/view/template/sale/order_form.tpl on line 698
2016-05-03 13:33:15 - PHP Notice:  Undefined variable: cities in /home/html/ocGositus/admin/view/template/sale/order_form.tpl on line 718
2016-05-03 13:33:15 - PHP Warning:  Invalid argument supplied for foreach() in /home/html/ocGositus/admin/view/template/sale/order_form.tpl on line 718
2016-05-03 13:33:38 - PHP Notice:  Undefined variable: zones in /home/html/ocGositus/admin/view/template/sale/order_form.tpl on line 461
2016-05-03 13:33:38 - PHP Warning:  Invalid argument supplied for foreach() in /home/html/ocGositus/admin/view/template/sale/order_form.tpl on line 461
2016-05-03 13:33:38 - PHP Notice:  Undefined variable: cities in /home/html/ocGositus/admin/view/template/sale/order_form.tpl on line 482
2016-05-03 13:33:38 - PHP Warning:  Invalid argument supplied for foreach() in /home/html/ocGositus/admin/view/template/sale/order_form.tpl on line 482
2016-05-03 13:33:38 - PHP Notice:  Undefined variable: zones in /home/html/ocGositus/admin/view/template/sale/order_form.tpl on line 698
2016-05-03 13:33:38 - PHP Warning:  Invalid argument supplied for foreach() in /home/html/ocGositus/admin/view/template/sale/order_form.tpl on line 698
2016-05-03 13:33:38 - PHP Notice:  Undefined variable: cities in /home/html/ocGositus/admin/view/template/sale/order_form.tpl on line 718
2016-05-03 13:33:38 - PHP Warning:  Invalid argument supplied for foreach() in /home/html/ocGositus/admin/view/template/sale/order_form.tpl on line 718
2016-05-03 13:44:34 - PHP Notice:  Undefined variable: zones in /home/html/ocGositus/admin/view/template/sale/order_form.tpl on line 461
2016-05-03 13:44:34 - PHP Warning:  Invalid argument supplied for foreach() in /home/html/ocGositus/admin/view/template/sale/order_form.tpl on line 461
2016-05-03 13:44:34 - PHP Notice:  Undefined variable: cities in /home/html/ocGositus/admin/view/template/sale/order_form.tpl on line 482
2016-05-03 13:44:34 - PHP Warning:  Invalid argument supplied for foreach() in /home/html/ocGositus/admin/view/template/sale/order_form.tpl on line 482
2016-05-03 13:44:34 - PHP Notice:  Undefined variable: zones in /home/html/ocGositus/admin/view/template/sale/order_form.tpl on line 698
2016-05-03 13:44:34 - PHP Warning:  Invalid argument supplied for foreach() in /home/html/ocGositus/admin/view/template/sale/order_form.tpl on line 698
2016-05-03 13:44:34 - PHP Notice:  Undefined variable: cities in /home/html/ocGositus/admin/view/template/sale/order_form.tpl on line 718
2016-05-03 13:44:34 - PHP Warning:  Invalid argument supplied for foreach() in /home/html/ocGositus/admin/view/template/sale/order_form.tpl on line 718
2016-05-03 13:45:10 - PHP Notice:  Undefined index: city_id in /home/html/ocGositus/catalog/model/shipping/jneoke.php on line 21
2016-05-03 13:45:10 - PHP Notice:  Undefined index: city_id in /home/html/ocGositus/catalog/model/shipping/jnereg.php on line 21
2016-05-03 13:45:10 - PHP Notice:  Undefined index: city_id in /home/html/ocGositus/catalog/model/shipping/jneyes.php on line 21
2016-05-03 13:56:29 - PHP Notice:  Undefined index: city_id in /home/html/ocGositus/catalog/model/shipping/jneoke.php on line 21
2016-05-03 13:56:29 - PHP Notice:  Undefined index: city_id in /home/html/ocGositus/catalog/model/shipping/jnereg.php on line 21
2016-05-03 13:56:29 - PHP Notice:  Undefined index: city_id in /home/html/ocGositus/catalog/model/shipping/jneyes.php on line 21
2016-05-03 13:57:15 - PHP Notice:  Undefined index: city_id in /home/html/ocGositus/catalog/model/shipping/jneoke.php on line 21
2016-05-03 13:57:15 - PHP Notice:  Undefined index: city_id in /home/html/ocGositus/catalog/model/shipping/jnereg.php on line 21
2016-05-03 13:57:15 - PHP Notice:  Undefined index: city_id in /home/html/ocGositus/catalog/model/shipping/jneyes.php on line 21
2016-05-03 13:58:12 - PHP Notice:  Undefined index: city_id in /home/html/ocGositus/catalog/model/shipping/jneoke.php on line 21
2016-05-03 13:58:12 - PHP Notice:  Undefined index: city_id in /home/html/ocGositus/catalog/model/shipping/jnereg.php on line 21
2016-05-03 13:58:12 - PHP Notice:  Undefined index: city_id in /home/html/ocGositus/catalog/model/shipping/jneyes.php on line 21
2016-05-03 13:59:52 - PHP Notice:  Undefined variable: zones in /home/html/ocGositus/admin/view/template/sale/order_form.tpl on line 461
2016-05-03 13:59:52 - PHP Warning:  Invalid argument supplied for foreach() in /home/html/ocGositus/admin/view/template/sale/order_form.tpl on line 461
2016-05-03 13:59:52 - PHP Notice:  Undefined variable: cities in /home/html/ocGositus/admin/view/template/sale/order_form.tpl on line 482
2016-05-03 13:59:52 - PHP Warning:  Invalid argument supplied for foreach() in /home/html/ocGositus/admin/view/template/sale/order_form.tpl on line 482
2016-05-03 13:59:52 - PHP Notice:  Undefined variable: zones in /home/html/ocGositus/admin/view/template/sale/order_form.tpl on line 698
2016-05-03 13:59:52 - PHP Warning:  Invalid argument supplied for foreach() in /home/html/ocGositus/admin/view/template/sale/order_form.tpl on line 698
2016-05-03 13:59:52 - PHP Notice:  Undefined variable: cities in /home/html/ocGositus/admin/view/template/sale/order_form.tpl on line 718
2016-05-03 13:59:52 - PHP Warning:  Invalid argument supplied for foreach() in /home/html/ocGositus/admin/view/template/sale/order_form.tpl on line 718
2016-05-03 14:00:18 - PHP Notice:  Undefined index: city_id in /home/html/ocGositus/catalog/model/shipping/jneoke.php on line 21
2016-05-03 14:00:18 - PHP Notice:  Undefined index: city_id in /home/html/ocGositus/catalog/model/shipping/jnereg.php on line 21
2016-05-03 14:00:18 - PHP Notice:  Undefined index: city_id in /home/html/ocGositus/catalog/model/shipping/jneyes.php on line 21
2016-08-26 10:17:01 - PHP Notice:  Undefined index: password in /home/html/roepistore/catalog/controller/common/quicksignup.php on line 168
2016-08-26 10:22:29 - PHP Notice:  Undefined index: password in /home/html/roepistore/catalog/controller/common/quicksignup.php on line 168
2016-08-26 10:23:38 - PHP Notice:  Undefined index: password in /home/html/roepistore/catalog/controller/common/quicksignup.php on line 168
2016-08-26 10:23:43 - PHP Notice:  Undefined index: password in /home/html/roepistore/catalog/controller/common/quicksignup.php on line 168
2016-08-26 10:23:54 - PHP Notice:  Undefined index: password in /home/html/roepistore/catalog/controller/common/quicksignup.php on line 168
2016-08-26 15:31:20 - PHP Notice:  Undefined index: password in /home/html/roepistore/catalog/controller/common/quicksignup.php on line 168
2016-08-26 15:31:28 - PHP Notice:  Undefined index: password in /home/html/roepistore/catalog/controller/common/quicksignup.php on line 168
2016-08-26 16:57:38 - PHP Notice:  Undefined index: password in /home/html/roepistore/catalog/controller/common/quicksignup.php on line 167
2016-08-26 16:57:42 - PHP Notice:  Undefined index: password in /home/html/roepistore/catalog/controller/common/quicksignup.php on line 167
