2015-01-22 10:14:54 - MOD: Modification Default
FILE: system/engine/action.php
REGEX: ~(require|include)(_once)?\(([^)]+)~
LINE: 58
FILE: system/engine/loader.php
REGEX: ~(require|include)(_once)?\(([^)]+)~
LINE: 20
LINE: 37
LINE: 54
LINE: 65
FILE: system/library/config.php
REGEX: ~(require|include)(_once)?\(([^)]+)~
LINE: 23
FILE: system/library/language.php
REGEX: ~(require|include)(_once)?\(([^)]+)~
LINE: 21
LINE: 27
----------------------------------------------------------------
MOD: Local copy OCMOD by iSenseLabs
FILE: admin/controller/extension/installer.php
CODE: 'url'  => str_replace('&amp;', '&', $this->url->link('extension/installer/ftp', 'token=' . $this->session->data['token'], 'SSL')),
LINE: 132
CODE: public function unzip() {
LINE: 282
----------------------------------------------------------------
2015-01-22 10:15:40 - MOD: Modification Default
FILE: system/engine/action.php
REGEX: ~(require|include)(_once)?\(([^)]+)~
LINE: 58
FILE: system/engine/loader.php
REGEX: ~(require|include)(_once)?\(([^)]+)~
LINE: 20
LINE: 37
LINE: 54
LINE: 65
FILE: system/library/config.php
REGEX: ~(require|include)(_once)?\(([^)]+)~
LINE: 23
FILE: system/library/language.php
REGEX: ~(require|include)(_once)?\(([^)]+)~
LINE: 21
LINE: 27
----------------------------------------------------------------
MOD: Export/Import Tool for OpenCart 2.0.x
FILE: admin/controller/common/menu.php
CODE: $data['text_backup'] = $this->language->get('text_backup');
LINE: 9
CODE: $data['backup'] = $this->url->link('tool/backup', 'token=' . $this->session->data['token'], 'SSL');
LINE: 115
FILE: admin/language/english/common/menu.php
CODE: $_['text_backup']                      = 'Backup / Restore';
LINE: 6
FILE: admin/view/template/common/menu.tpl
CODE: <li><a href="<?php echo $backup; ?>"><?php echo $text_backup; ?></a></li>
LINE: 160
----------------------------------------------------------------
MOD: Local copy OCMOD by iSenseLabs
FILE: admin/controller/extension/installer.php
CODE: 'url'  => str_replace('&amp;', '&', $this->url->link('extension/installer/ftp', 'token=' . $this->session->data['token'], 'SSL')),
LINE: 132
CODE: public function unzip() {
LINE: 282
----------------------------------------------------------------
2015-04-14 21:28:46 - MOD: Modification Default
FILE: system/engine/action.php
REGEX: ~(require|include)(_once)?\(([^)]+)~
LINE: 58
FILE: system/engine/loader.php
REGEX: ~(require|include)(_once)?\(([^)]+)~
LINE: 20
LINE: 37
LINE: 54
LINE: 65
FILE: system/library/config.php
REGEX: ~(require|include)(_once)?\(([^)]+)~
LINE: 23
FILE: system/library/language.php
REGEX: ~(require|include)(_once)?\(([^)]+)~
LINE: 21
LINE: 27
----------------------------------------------------------------
MOD: Export/Import Tool for OpenCart 2.0.x
FILE: admin/controller/common/menu.php
CODE: $data['text_backup'] = $this->language->get('text_backup');
NOT FOUND!
CODE: $data['backup'] = $this->url->link('tool/backup', 'token=' . $this->session->data['token'], 'SSL');
LINE: 112
FILE: admin/language/english/common/menu.php
CODE: $_['text_backup']                      = 'Backup / Restore';
LINE: 6
FILE: admin/view/template/common/menu.tpl
CODE: <li><a href="<?php echo $backup; ?>"><?php echo $text_backup; ?></a></li>
LINE: 159
----------------------------------------------------------------
MOD: Local copy OCMOD by iSenseLabs
FILE: admin/controller/extension/installer.php
CODE: 'url'  => str_replace('&amp;', '&', $this->url->link('extension/installer/ftp', 'token=' . $this->session->data['token'], 'SSL')),
LINE: 132
CODE: public function unzip() {
LINE: 282
----------------------------------------------------------------
MOD: Multi Image Uploader 2.0
FILE: admin/view/template/catalog/product_form.tpl
CODE: <?php echo $entry_image; ?></td>
LINE: 818
CODE: <td class="text-right"><input type="text" name="product_image[<?php echo $image_row; ?>][sort_order]"
LINE: 836
CODE: <td class="text-left"><button type="button" onclick="addImage();" data-toggle="tooltip" title="<?php echo $button_image_add; ?>" class="btn btn-primary"><i class="fa fa-plus-circle"></i></button>
LINE: 845
CODE: html += '  <td class="text-right"><input type="text" name="product_image[' + image_row + '][sort_order]"
LINE: 1376
CODE: <?php echo $footer; ?>
LINE: 1516
FILE: admin/controller/catalog/product.php
CODE: $this->load->model('design/layout');
LINE: 1337
CODE: private $error = array();
LINE: 2
FILE: admin/view/template/common/filemanager.tpl
CODE: <?php if ($target) { ?>
LINE: 55
LINE: 114
FILE: admin/model/catalog/product.php
CODE: foreach ($data['product_description'] as $language_id => $value) {
LINE: 21
LINE: 155
CODE: foreach ($data['product_description'] as $language_id => $value) {
LINE: 27
LINE: 167
CODE: foreach ($data['product_image'] as $product_image) {
LINE: 80
LINE: 236
CODE: $this->db->query("DELETE FROM " . DB_PREFIX . "product_to_download WHERE product_id = '" . (int)$product_id . "'");
LINE: 250
LINE: 375
----------------------------------------------------------------
MOD: ProductManager by iSenseLabs
CODE: <li><a href="<?php echo $product; ?>"><?php echo $text_product; ?></a></li>
LINE: 5
CODE: $data['order_recurring'] = $this->url->link('sale/recurring', 'token=' . $this->session->data['token'], 'SSL');
LINE: 182
----------------------------------------------------------------
2015-09-10 15:01:46 - MOD: Modification Default
FILE: system/engine/action.php
REGEX: ~(require|include)(_once)?\(([^)]+)~
LINE: 58
FILE: system/engine/loader.php
REGEX: ~(require|include)(_once)?\(([^)]+)~
LINE: 20
LINE: 37
LINE: 54
LINE: 65
FILE: system/library/config.php
REGEX: ~(require|include)(_once)?\(([^)]+)~
LINE: 23
FILE: system/library/language.php
REGEX: ~(require|include)(_once)?\(([^)]+)~
LINE: 21
LINE: 27
----------------------------------------------------------------
MOD: Export/Import Tool for OpenCart 2.0.x
FILE: admin/controller/common/menu.php
CODE: $data['text_backup'] = $this->language->get('text_backup');
LINE: 9
CODE: $data['backup'] = $this->url->link('tool/backup', 'token=' . $this->session->data['token'], 'SSL');
LINE: 115
FILE: admin/language/english/common/menu.php
CODE: $_['text_backup']                      = 'Backup / Restore';
LINE: 6
FILE: admin/view/template/common/menu.tpl
CODE: <li><a href="<?php echo $backup; ?>"><?php echo $text_backup; ?></a></li>
LINE: 159
----------------------------------------------------------------
MOD: Local copy OCMOD by iSenseLabs
FILE: admin/controller/extension/installer.php
CODE: 'url'  => str_replace('&amp;', '&', $this->url->link('extension/installer/ftp', 'token=' . $this->session->data['token'], 'SSL')),
LINE: 132
CODE: public function unzip() {
LINE: 282
----------------------------------------------------------------
MOD: Multi Image Uploader 2.0
FILE: admin/view/template/catalog/product_form.tpl
CODE: <?php echo $entry_image; ?></td>
LINE: 818
CODE: <td class="text-right"><input type="text" name="product_image[<?php echo $image_row; ?>][sort_order]"
LINE: 836
CODE: <td class="text-left"><button type="button" onclick="addImage();" data-toggle="tooltip" title="<?php echo $button_image_add; ?>" class="btn btn-primary"><i class="fa fa-plus-circle"></i></button>
LINE: 845
CODE: html += '  <td class="text-right"><input type="text" name="product_image[' + image_row + '][sort_order]"
LINE: 1376
CODE: <?php echo $footer; ?>
LINE: 1516
FILE: admin/controller/catalog/product.php
CODE: $this->load->model('design/layout');
LINE: 1339
CODE: private $error = array();
LINE: 2
FILE: admin/view/template/common/filemanager.tpl
CODE: <?php if ($target) { ?>
LINE: 55
LINE: 114
FILE: admin/model/catalog/product.php
CODE: foreach ($data['product_description'] as $language_id => $value) {
LINE: 21
LINE: 155
CODE: foreach ($data['product_description'] as $language_id => $value) {
LINE: 27
LINE: 167
CODE: foreach ($data['product_image'] as $product_image) {
LINE: 80
LINE: 236
CODE: $this->db->query("DELETE FROM " . DB_PREFIX . "product_to_download WHERE product_id = '" . (int)$product_id . "'");
LINE: 250
LINE: 375
----------------------------------------------------------------
MOD: Power Image Manager 2.0
FILE: admin/controller/common/header.php
CODE: return $this->load->view('common/header.tpl'
LINE: 147
FILE: admin/view/template/common/header.tpl
CODE: <script type="text/javascript" src="view/javascript/bootstrap/js/bootstrap.min.js"></script>
LINE: 29
FILE: admin/controller/common/filemanager.php
CODE: public function index() {
LINE: 29
CODE: public function delete() {
LINE: 503
CODE: private $error = array();
LINE: 2
CODE: function getForm() {
LINE: 596
CODE: <td class="text-right"><?php echo $entry_sort_order; ?></td>
LINE: 828
CODE: <td class="text-right"><input type="text" name="product_image[<?php echo $image_row; ?>][sort_order]"
LINE: 846
CODE: html += '  <td class="text-right"><input type="text" name="product_image[' + image_row + '][sort_order]"
LINE: 1391
LINE: 1523
CODE: <?php echo $footer; ?>
LINE: 1576
CODE: <button type="button" onclick="addImage();"
LINE: 855
FILE: admin/controller/common/footer.php
CODE: return $this->load->view('common/footer.tpl'
LINE: 28
FILE: admin/view/template/common/footer.tpl
CODE: <footer id="footer">
LINE: 127
CODE: foreach ($data['product_description'] as $language_id => $value) {
LINE: 33
LINE: 182
CODE: foreach ($data['product_description'] as $language_id => $value) {
LINE: 39
LINE: 194
CODE: foreach ($data['product_image'] as $product_image) {
LINE: 92
LINE: 263
CODE: $this->db->query("DELETE FROM " . DB_PREFIX . "product_to_download WHERE product_id = '" . (int)$product_id . "'");
LINE: 285
LINE: 415
CODE: return $this->load->view('common/menu.tpl', $data);
LINE: 218
CODE: <li><a href="<?php echo $information; ?>"><?php echo $text_information; ?></a></li>
LINE: 17
CODE: <?php
LINE: 0
----------------------------------------------------------------
MOD: ProductManager by iSenseLabs
CODE: <li><a href="<?php echo $product; ?>"><?php echo $text_product; ?></a></li>
LINE: 5
CODE: $data['order_recurring'] = $this->url->link('sale/recurring', 'token=' . $this->session->data['token'], 'SSL');
LINE: 185
----------------------------------------------------------------
2015-09-17 23:42:04 - MOD: Modification Default
FILE: system/engine/action.php
REGEX: ~(require|include)(_once)?\(([^)]+)~
LINE: 58
FILE: system/engine/loader.php
REGEX: ~(require|include)(_once)?\(([^)]+)~
LINE: 20
LINE: 37
LINE: 54
LINE: 65
FILE: system/library/config.php
REGEX: ~(require|include)(_once)?\(([^)]+)~
LINE: 23
FILE: system/library/language.php
REGEX: ~(require|include)(_once)?\(([^)]+)~
LINE: 21
LINE: 27
----------------------------------------------------------------
MOD: Export/Import Tool for OpenCart 2.0.x
FILE: admin/controller/common/menu.php
CODE: $data['text_backup'] = $this->language->get('text_backup');
LINE: 9
CODE: $data['backup'] = $this->url->link('tool/backup', 'token=' . $this->session->data['token'], 'SSL');
LINE: 118
FILE: admin/language/english/common/menu.php
CODE: $_['text_backup']                      = 'Backup / Restore';
LINE: 9
FILE: admin/view/template/common/menu.tpl
CODE: <li><a href="<?php echo $backup; ?>"><?php echo $text_backup; ?></a></li>
LINE: 160
----------------------------------------------------------------
MOD: Local copy OCMOD by iSenseLabs
FILE: admin/controller/extension/installer.php
CODE: 'url'  => str_replace('&amp;', '&', $this->url->link('extension/installer/ftp', 'token=' . $this->session->data['token'], 'SSL')),
NOT FOUND!
CODE: public function unzip() {
LINE: 347
----------------------------------------------------------------
MOD: Multi Image Uploader 2.0
FILE: admin/view/template/catalog/product_form.tpl
CODE: <?php echo $entry_image; ?></td>
LINE: 818
CODE: <td class="text-right"><input type="text" name="product_image[<?php echo $image_row; ?>][sort_order]"
LINE: 852
CODE: <td class="text-left"><button type="button" onclick="addImage();" data-toggle="tooltip" title="<?php echo $button_image_add; ?>" class="btn btn-primary"><i class="fa fa-plus-circle"></i></button>
NOT FOUND!
CODE: html += '  <td class="text-right"><input type="text" name="product_image[' + image_row + '][sort_order]"
LINE: 1401
LINE: 1536
LINE: 1577
CODE: <?php echo $footer; ?>
LINE: 1635
FILE: admin/controller/catalog/product.php
CODE: $this->load->model('design/layout');
LINE: 1383
CODE: private $error = array();
LINE: 2
FILE: admin/view/template/common/filemanager.tpl
CODE: <?php if ($target) { ?>
LINE: 55
LINE: 118
FILE: admin/model/catalog/product.php
CODE: foreach ($data['product_description'] as $language_id => $value) {
LINE: 45
LINE: 209
CODE: foreach ($data['product_description'] as $language_id => $value) {
LINE: 51
LINE: 221
CODE: foreach ($data['product_image'] as $product_image) {
LINE: 104
LINE: 290
CODE: $this->db->query("DELETE FROM " . DB_PREFIX . "product_to_download WHERE product_id = '" . (int)$product_id . "'");
LINE: 320
LINE: 455
----------------------------------------------------------------
MOD: Power Image Manager 2.0
FILE: admin/controller/common/header.php
CODE: return $this->load->view('common/header.tpl'
LINE: 153
FILE: admin/view/template/common/header.tpl
CODE: <script type="text/javascript" src="view/javascript/bootstrap/js/bootstrap.min.js"></script>
LINE: 43
FILE: admin/controller/common/filemanager.php
CODE: public function index() {
LINE: 56
CODE: public function delete() {
LINE: 654
CODE: private $error = array();
LINE: 2
CODE: function getForm() {
LINE: 627
CODE: <td class="text-right"><?php echo $entry_sort_order; ?></td>
LINE: 836
CODE: <td class="text-right"><input type="text" name="product_image[<?php echo $image_row; ?>][sort_order]"
LINE: 862
CODE: html += '  <td class="text-right"><input type="text" name="product_image[' + image_row + '][sort_order]"
LINE: 1416
LINE: 1556
LINE: 1602
LINE: 1652
CODE: <?php echo $footer; ?>
LINE: 1705
CODE: <button type="button" onclick="addImage();"
LINE: 876
FILE: admin/controller/common/footer.php
CODE: return $this->load->view('common/footer.tpl'
LINE: 43
FILE: admin/view/template/common/footer.tpl
CODE: <footer id="footer">
LINE: 254
CODE: foreach ($data['product_description'] as $language_id => $value) {
LINE: 57
LINE: 236
CODE: foreach ($data['product_description'] as $language_id => $value) {
LINE: 63
LINE: 248
CODE: foreach ($data['product_image'] as $product_image) {
LINE: 116
LINE: 317
CODE: $this->db->query("DELETE FROM " . DB_PREFIX . "product_to_download WHERE product_id = '" . (int)$product_id . "'");
LINE: 355
LINE: 495
CODE: return $this->load->view('common/menu.tpl', $data);
LINE: 233
CODE: <li><a href="<?php echo $information; ?>"><?php echo $text_information; ?></a></li>
LINE: 18
CODE: <?php
LINE: 0
----------------------------------------------------------------
MOD: ProductManager by iSenseLabs
CODE: <li><a href="<?php echo $product; ?>"><?php echo $text_product; ?></a></li>
LINE: 5
CODE: $data['order_recurring'] = $this->url->link('sale/recurring', 'token=' . $this->session->data['token'], 'SSL');
LINE: 191
----------------------------------------------------------------
